Unable to capture context for thread 109160 in process 48048, can not generate back trace
Exception at PC 0x00007FFE9E1F1F28
Unable to capture context for thread 120288 in process 48048, can not generate back trace
Exception at PC 0x00007FFE9E1F1F28
Exception at PC 0x00007FFE6706BB93
Printing stacktrace...

Exception at PC 0x00007FFE9E1F1F28
Exception at PC 0x00007FFE9E1F1F28
Exception at PC 0x00007FFE9E1F1F28
Exception at PC 0x00007FFE9E1F1F28
Exception at PC 0x00007FFE9E1F1F28
Exception at PC 0x00007FFE9E1F1F28
Exception at PC 0x00007FFE9E1F1F28
Exception at PC 0x00007FFE9E1F1F28
Exception at PC 0x00007FFE9E1F1F28
[0]  [0x00007FFE6706BB93]
[1]  [0x00007FFE6706BB93]
[2]  [0x00007FFE6706B4A1]
[3]  [0x00007FFE6706B3EF]
[4]  [0x00007FFE670519FE]
[5]  [0x00007FFE67050ED1]
[6]  [0x00007FFE67050D76]
[7]  [0x00007FFE66FF79F6]
[8]  [0x00007FFE66FE7AFB]
[9]  [0x00007FFE6710E90A]
[10]  [0x00007FFE67129F87]
[11]  [0x00007FFE6712A05F]
[12] (BaseThreadInitThunk+0x22) [0x00007FFE9ED58102]
[13] (RtlUserThreadStart+0x34) [0x00007FFEA183C5B4]
Done
Exception at PC 0x00007FFE9E1F1F28
Exception at PC 0x00007FFE9E1F1F28
Exception at PC 0x00007FFE9E1F1F28
Exception at PC 0x00007FFE9E1F1F28
Exception at PC 0x00007FFE9E1F1F28
Exception at PC 0x00007FFE9E1F1F28
Exception at PC 0x00007FFE9E1F1F28
